
Magic 8.3 revision 465 - Compiled on Tue Mar 19 23:17:55 UTC 2024.
Starting magic under Tcl interpreter
Using the terminal as the console.
Using NULL graphics device.
Processing system .magicrc file
Sourcing design .magicrc for technology gf180mcuD ...
10 Magic internal units = 1 Lambda
Input style import: scaleFactor=10, multiplier=2
The following types are not handled by extraction and will be treated as non-electrical types:
    obsactive mvobsactive filldiff fillpoly m1hole obsm1 fillm1 obsv1 m2hole obsm2 fillm2 obsv2 m3hole obsm3 fillm3 m4hole obsm4 fillm4 m5hole obsm5 fillm5 glass fillblock lvstext obscomment 
Scaled tech values by 10 / 1 to match internal grid scaling
Loading gf180mcuD Device Generator Menu ...
Loading "extract.tcl" from command line.
Warning: Calma reading is not undoable!  I hope that's OK.
Library written using GDS-II Release 6.0
Library name: LIB
Reading "VIA_Via4_VH".
Reading "VIA_Via3_HV".
Reading "VIA_Via1_VV".
Reading "VIA_Via2_VH".
Reading "VIA_Via1_HV".
Reading "VIA_Via1_3200x1200".
Reading "VIA_Via2_3200x1200".
Reading "VIA_Via3_3200x1200".
Reading "VIA_Via4_3200x3200".
Reading "gf180mcu_fd_sc_mcu7t5v0__buf_8".
Reading "gf180mcu_fd_sc_mcu7t5v0__clkbuf_12".
Reading "gf180mcu_fd_sc_mcu7t5v0__clkbuf_20".
Reading "gf180mcu_fd_sc_mcu7t5v0__buf_20".
Reading "gf180mcu_fd_sc_mcu7t5v0__buf_12".
Reading "gf180mcu_fd_sc_mcu7t5v0__buf_16".
Reading "gf180mcu_fd_sc_mcu7t5v0__clkbuf_2".
Reading "gf180mcu_fd_sc_mcu7t5v0__clkbuf_16".
Reading "gf180mcu_fd_sc_mcu7t5v0__tiel".
Reading "gf180mcu_fd_sc_mcu7t5v0__dffq_4".
Reading "gf180mcu_fd_sc_mcu7t5v0__dffq_2".
Reading "gf180mcu_fd_sc_mcu7t5v0__dffq_1".
Reading "gf180mcu_fd_sc_mcu7t5v0__oai31_2".
Reading "gf180mcu_fd_sc_mcu7t5v0__oai221_2".
Reading "gf180mcu_fd_sc_mcu7t5v0__aoi222_2".
Reading "gf180mcu_fd_sc_mcu7t5v0__or4_2".
Reading "gf180mcu_fd_sc_mcu7t5v0__nand4_4".
Reading "gf180mcu_fd_sc_mcu7t5v0__aoi211_2".
Reading "gf180mcu_fd_sc_mcu7t5v0__oai211_2".
Reading "gf180mcu_fd_sc_mcu7t5v0__mux4_4".
Reading "gf180mcu_fd_sc_mcu7t5v0__aoi211_4".
Reading "gf180mcu_fd_sc_mcu7t5v0__oai31_4".
Reading "gf180mcu_fd_sc_mcu7t5v0__oai211_4".
Reading "gf180mcu_fd_sc_mcu7t5v0__xor3_2".
Reading "gf180mcu_fd_sc_mcu7t5v0__aoi222_1".
Reading "gf180mcu_fd_sc_mcu7t5v0__and2_4".
Reading "gf180mcu_fd_sc_mcu7t5v0__mux2_1".
Reading "gf180mcu_fd_sc_mcu7t5v0__xnor3_2".
Reading "gf180mcu_fd_sc_mcu7t5v0__nor4_2".
Reading "gf180mcu_fd_sc_mcu7t5v0__oai21_2".
Reading "gf180mcu_fd_sc_mcu7t5v0__oai32_1".
Reading "gf180mcu_fd_sc_mcu7t5v0__xnor2_2".
Reading "gf180mcu_fd_sc_mcu7t5v0__xnor2_1".
Reading "gf180mcu_fd_sc_mcu7t5v0__aoi221_2".
Reading "gf180mcu_fd_sc_mcu7t5v0__xor2_2".
Reading "gf180mcu_fd_sc_mcu7t5v0__aoi21_2".
Reading "gf180mcu_fd_sc_mcu7t5v0__xnor3_1".
Reading "gf180mcu_fd_sc_mcu7t5v0__nor4_4".
Reading "gf180mcu_fd_sc_mcu7t5v0__oai22_2".
Reading "gf180mcu_fd_sc_mcu7t5v0__oai221_1".
Reading "gf180mcu_fd_sc_mcu7t5v0__aoi211_1".
Reading "gf180mcu_fd_sc_mcu7t5v0__xor3_1".
Reading "gf180mcu_fd_sc_mcu7t5v0__xor2_1".
Reading "gf180mcu_fd_sc_mcu7t5v0__aoi221_1".
Reading "gf180mcu_fd_sc_mcu7t5v0__or2_4".
Reading "gf180mcu_fd_sc_mcu7t5v0__oai211_1".
Reading "gf180mcu_fd_sc_mcu7t5v0__aoi22_4".
Reading "gf180mcu_fd_sc_mcu7t5v0__and2_2".
Reading "gf180mcu_fd_sc_mcu7t5v0__inv_4".
Reading "gf180mcu_fd_sc_mcu7t5v0__oai21_1".
Reading "gf180mcu_fd_sc_mcu7t5v0__clkinv_8".
Reading "gf180mcu_fd_sc_mcu7t5v0__aoi21_4".
Reading "gf180mcu_fd_sc_mcu7t5v0__nand2_2".
Reading "gf180mcu_fd_sc_mcu7t5v0__mux2_4".
Reading "gf180mcu_fd_sc_mcu7t5v0__oai21_4".
Reading "gf180mcu_fd_sc_mcu7t5v0__aoi22_2".
Reading "gf180mcu_fd_sc_mcu7t5v0__aoi222_4".
Reading "gf180mcu_fd_sc_mcu7t5v0__oai221_4".
Reading "gf180mcu_fd_sc_mcu7t5v0__aoi221_4".
Reading "gf180mcu_fd_sc_mcu7t5v0__or2_2".
Reading "gf180mcu_fd_sc_mcu7t5v0__aoi22_1".
Reading "gf180mcu_fd_sc_mcu7t5v0__aoi21_1".
Reading "gf180mcu_fd_sc_mcu7t5v0__or2_1".
Reading "gf180mcu_fd_sc_mcu7t5v0__or4_1".
Reading "gf180mcu_fd_sc_mcu7t5v0__and2_1".
Reading "gf180mcu_fd_sc_mcu7t5v0__oai22_1".
Reading "gf180mcu_fd_sc_mcu7t5v0__and3_1".
Reading "gf180mcu_fd_sc_mcu7t5v0__nand2_4".
Reading "gf180mcu_fd_sc_mcu7t5v0__nand3_2".
Reading "gf180mcu_fd_sc_mcu7t5v0__nor2_1".
Reading "gf180mcu_fd_sc_mcu7t5v0__nand4_2".
Reading "gf180mcu_fd_sc_mcu7t5v0__nand3_1".
Reading "gf180mcu_fd_sc_mcu7t5v0__or3_1".
Reading "gf180mcu_fd_sc_mcu7t5v0__nor2_4".
Reading "gf180mcu_fd_sc_mcu7t5v0__nand3_4".
Reading "gf180mcu_fd_sc_mcu7t5v0__nor3_2".
Reading "gf180mcu_fd_sc_mcu7t5v0__oai31_1".
Reading "gf180mcu_fd_sc_mcu7t5v0__nand4_1".
Reading "gf180mcu_fd_sc_mcu7t5v0__nor2_2".
Reading "gf180mcu_fd_sc_mcu7t5v0__and4_1".
Reading "gf180mcu_fd_sc_mcu7t5v0__nor4_1".
Reading "gf180mcu_fd_sc_mcu7t5v0__nor3_1".
Reading "gf180mcu_fd_sc_mcu7t5v0__nand2_1".
Reading "gf180mcu_fd_sc_mcu7t5v0__inv_12".
Reading "gf180mcu_fd_sc_mcu7t5v0__nor3_4".
Reading "gf180mcu_fd_sc_mcu7t5v0__inv_20".
Reading "gf180mcu_fd_sc_mcu7t5v0__clkinv_3".
Reading "gf180mcu_fd_sc_mcu7t5v0__inv_3".
Reading "gf180mcu_fd_sc_mcu7t5v0__clkinv_4".
Reading "gf180mcu_fd_sc_mcu7t5v0__inv_2".
Reading "gf180mcu_fd_sc_mcu7t5v0__clkinv_2".
Reading "gf180mcu_fd_sc_mcu7t5v0__inv_1".
Reading "gf180mcu_fd_sc_mcu7t5v0__clkinv_1".
Reading "gf180mcu_fd_sc_mcu7t5v0__filltie".
Reading "gf180mcu_fd_sc_mcu7t5v0__endcap".
Reading "gf180mcu_fd_sc_mcu7t5v0__fill_64".
Reading "gf180mcu_fd_sc_mcu7t5v0__fill_8".
Reading "gf180mcu_fd_sc_mcu7t5v0__fill_2".
Reading "gf180mcu_fd_sc_mcu7t5v0__fill_16".
Reading "gf180mcu_fd_sc_mcu7t5v0__fill_4".
Reading "gf180mcu_fd_sc_mcu7t5v0__fill_32".
Reading "gf180mcu_fd_sc_mcu7t5v0__fill_1".
Reading "NanoCGRA_Lite".
    5000 uses
    10000 uses
    15000 uses
    20000 uses
    25000 uses
    30000 uses
    35000 uses
    40000 uses
    45000 uses
    50000 uses
    55000 uses
    60000 uses
    65000 uses
Extracting VIA_Via2_VH into VIA_Via2_VH.ext:
Extracting VIA_Via3_HV into VIA_Via3_HV.ext:
Extracting VIA_Via1_HV into VIA_Via1_HV.ext:
Extracting gf180mcu_fd_sc_mcu7t5v0__endcap into gf180mcu_fd_sc_mcu7t5v0__endcap.ext:
Extracting VIA_Via1_3200x1200 into VIA_Via1_3200x1200.ext:
Extracting VIA_Via2_3200x1200 into VIA_Via2_3200x1200.ext:
Extracting VIA_Via3_3200x1200 into VIA_Via3_3200x1200.ext:
Extracting gf180mcu_fd_sc_mcu7t5v0__filltie into gf180mcu_fd_sc_mcu7t5v0__filltie.ext:
Extracting gf180mcu_fd_sc_mcu7t5v0__fill_1 into gf180mcu_fd_sc_mcu7t5v0__fill_1.ext:
Extracting VIA_Via1_VV into VIA_Via1_VV.ext:
Extracting gf180mcu_fd_sc_mcu7t5v0__and3_1 into gf180mcu_fd_sc_mcu7t5v0__and3_1.ext:
Extracting gf180mcu_fd_sc_mcu7t5v0__fill_4 into gf180mcu_fd_sc_mcu7t5v0__fill_4.ext:
Extracting gf180mcu_fd_sc_mcu7t5v0__fill_16 into gf180mcu_fd_sc_mcu7t5v0__fill_16.ext:
Extracting gf180mcu_fd_sc_mcu7t5v0__fill_32 into gf180mcu_fd_sc_mcu7t5v0__fill_32.ext:
Extracting gf180mcu_fd_sc_mcu7t5v0__fill_2 into gf180mcu_fd_sc_mcu7t5v0__fill_2.ext:
Extracting gf180mcu_fd_sc_mcu7t5v0__and2_1 into gf180mcu_fd_sc_mcu7t5v0__and2_1.ext:
Extracting gf180mcu_fd_sc_mcu7t5v0__dffq_1 into gf180mcu_fd_sc_mcu7t5v0__dffq_1.ext:
Extracting gf180mcu_fd_sc_mcu7t5v0__clkinv_1 into gf180mcu_fd_sc_mcu7t5v0__clkinv_1.ext:
Extracting gf180mcu_fd_sc_mcu7t5v0__nor4_1 into gf180mcu_fd_sc_mcu7t5v0__nor4_1.ext:
Extracting gf180mcu_fd_sc_mcu7t5v0__nand2_1 into gf180mcu_fd_sc_mcu7t5v0__nand2_1.ext:
Extracting gf180mcu_fd_sc_mcu7t5v0__tiel into gf180mcu_fd_sc_mcu7t5v0__tiel.ext:
Extracting gf180mcu_fd_sc_mcu7t5v0__aoi21_1 into gf180mcu_fd_sc_mcu7t5v0__aoi21_1.ext:
Extracting gf180mcu_fd_sc_mcu7t5v0__nor2_1 into gf180mcu_fd_sc_mcu7t5v0__nor2_1.ext:
Extracting gf180mcu_fd_sc_mcu7t5v0__oai21_1 into gf180mcu_fd_sc_mcu7t5v0__oai21_1.ext:
Extracting gf180mcu_fd_sc_mcu7t5v0__inv_1 into gf180mcu_fd_sc_mcu7t5v0__inv_1.ext:
Extracting gf180mcu_fd_sc_mcu7t5v0__mux2_1 into gf180mcu_fd_sc_mcu7t5v0__mux2_1.ext:
Extracting gf180mcu_fd_sc_mcu7t5v0__buf_8 into gf180mcu_fd_sc_mcu7t5v0__buf_8.ext:
Extracting gf180mcu_fd_sc_mcu7t5v0__fill_8 into gf180mcu_fd_sc_mcu7t5v0__fill_8.ext:
Extracting gf180mcu_fd_sc_mcu7t5v0__xor3_1 into gf180mcu_fd_sc_mcu7t5v0__xor3_1.ext:
Extracting gf180mcu_fd_sc_mcu7t5v0__xor2_1 into gf180mcu_fd_sc_mcu7t5v0__xor2_1.ext:
Extracting gf180mcu_fd_sc_mcu7t5v0__xnor2_1 into gf180mcu_fd_sc_mcu7t5v0__xnor2_1.ext:
Extracting gf180mcu_fd_sc_mcu7t5v0__inv_3 into gf180mcu_fd_sc_mcu7t5v0__inv_3.ext:
Extracting gf180mcu_fd_sc_mcu7t5v0__dffq_2 into gf180mcu_fd_sc_mcu7t5v0__dffq_2.ext:
Extracting gf180mcu_fd_sc_mcu7t5v0__nand2_2 into gf180mcu_fd_sc_mcu7t5v0__nand2_2.ext:
Extracting gf180mcu_fd_sc_mcu7t5v0__oai211_1 into gf180mcu_fd_sc_mcu7t5v0__oai211_1.ext:
Extracting gf180mcu_fd_sc_mcu7t5v0__nor3_1 into gf180mcu_fd_sc_mcu7t5v0__nor3_1.ext:
Extracting gf180mcu_fd_sc_mcu7t5v0__or2_1 into gf180mcu_fd_sc_mcu7t5v0__or2_1.ext:
Extracting gf180mcu_fd_sc_mcu7t5v0__aoi211_1 into gf180mcu_fd_sc_mcu7t5v0__aoi211_1.ext:
Extracting gf180mcu_fd_sc_mcu7t5v0__aoi221_1 into gf180mcu_fd_sc_mcu7t5v0__aoi221_1.ext:
Extracting gf180mcu_fd_sc_mcu7t5v0__and2_4 into gf180mcu_fd_sc_mcu7t5v0__and2_4.ext:
Extracting gf180mcu_fd_sc_mcu7t5v0__oai21_4 into gf180mcu_fd_sc_mcu7t5v0__oai21_4.ext:
Extracting gf180mcu_fd_sc_mcu7t5v0__dffq_4 into gf180mcu_fd_sc_mcu7t5v0__dffq_4.ext:
Extracting gf180mcu_fd_sc_mcu7t5v0__xnor3_1 into gf180mcu_fd_sc_mcu7t5v0__xnor3_1.ext:
Extracting gf180mcu_fd_sc_mcu7t5v0__oai32_1 into gf180mcu_fd_sc_mcu7t5v0__oai32_1.ext:
Extracting gf180mcu_fd_sc_mcu7t5v0__inv_2 into gf180mcu_fd_sc_mcu7t5v0__inv_2.ext:
Extracting gf180mcu_fd_sc_mcu7t5v0__nor2_4 into gf180mcu_fd_sc_mcu7t5v0__nor2_4.ext:
Extracting gf180mcu_fd_sc_mcu7t5v0__nand3_2 into gf180mcu_fd_sc_mcu7t5v0__nand3_2.ext:
Extracting VIA_Via4_3200x3200 into VIA_Via4_3200x3200.ext:
Extracting gf180mcu_fd_sc_mcu7t5v0__or4_1 into gf180mcu_fd_sc_mcu7t5v0__or4_1.ext:
Extracting gf180mcu_fd_sc_mcu7t5v0__nand4_1 into gf180mcu_fd_sc_mcu7t5v0__nand4_1.ext:
Extracting gf180mcu_fd_sc_mcu7t5v0__nand3_1 into gf180mcu_fd_sc_mcu7t5v0__nand3_1.ext:
Extracting gf180mcu_fd_sc_mcu7t5v0__clkinv_3 into gf180mcu_fd_sc_mcu7t5v0__clkinv_3.ext:
Extracting gf180mcu_fd_sc_mcu7t5v0__aoi22_2 into gf180mcu_fd_sc_mcu7t5v0__aoi22_2.ext:
Extracting gf180mcu_fd_sc_mcu7t5v0__oai21_2 into gf180mcu_fd_sc_mcu7t5v0__oai21_2.ext:
Extracting gf180mcu_fd_sc_mcu7t5v0__nor2_2 into gf180mcu_fd_sc_mcu7t5v0__nor2_2.ext:
Extracting gf180mcu_fd_sc_mcu7t5v0__nand4_2 into gf180mcu_fd_sc_mcu7t5v0__nand4_2.ext:
Extracting VIA_Via4_VH into VIA_Via4_VH.ext:
Extracting gf180mcu_fd_sc_mcu7t5v0__nand3_4 into gf180mcu_fd_sc_mcu7t5v0__nand3_4.ext:
Extracting gf180mcu_fd_sc_mcu7t5v0__nand2_4 into gf180mcu_fd_sc_mcu7t5v0__nand2_4.ext:
Extracting gf180mcu_fd_sc_mcu7t5v0__aoi22_1 into gf180mcu_fd_sc_mcu7t5v0__aoi22_1.ext:
Extracting gf180mcu_fd_sc_mcu7t5v0__clkinv_2 into gf180mcu_fd_sc_mcu7t5v0__clkinv_2.ext:
Extracting gf180mcu_fd_sc_mcu7t5v0__and4_1 into gf180mcu_fd_sc_mcu7t5v0__and4_1.ext:
Extracting gf180mcu_fd_sc_mcu7t5v0__aoi211_2 into gf180mcu_fd_sc_mcu7t5v0__aoi211_2.ext:
Extracting gf180mcu_fd_sc_mcu7t5v0__nand4_4 into gf180mcu_fd_sc_mcu7t5v0__nand4_4.ext:
Extracting gf180mcu_fd_sc_mcu7t5v0__oai31_4 into gf180mcu_fd_sc_mcu7t5v0__oai31_4.ext:
Extracting gf180mcu_fd_sc_mcu7t5v0__nor3_2 into gf180mcu_fd_sc_mcu7t5v0__nor3_2.ext:
Extracting gf180mcu_fd_sc_mcu7t5v0__aoi221_2 into gf180mcu_fd_sc_mcu7t5v0__aoi221_2.ext:
Extracting gf180mcu_fd_sc_mcu7t5v0__oai31_2 into gf180mcu_fd_sc_mcu7t5v0__oai31_2.ext:
Extracting gf180mcu_fd_sc_mcu7t5v0__oai22_1 into gf180mcu_fd_sc_mcu7t5v0__oai22_1.ext:
Extracting gf180mcu_fd_sc_mcu7t5v0__oai31_1 into gf180mcu_fd_sc_mcu7t5v0__oai31_1.ext:
Extracting gf180mcu_fd_sc_mcu7t5v0__or3_1 into gf180mcu_fd_sc_mcu7t5v0__or3_1.ext:
Extracting gf180mcu_fd_sc_mcu7t5v0__oai221_4 into gf180mcu_fd_sc_mcu7t5v0__oai221_4.ext:
Extracting gf180mcu_fd_sc_mcu7t5v0__aoi221_4 into gf180mcu_fd_sc_mcu7t5v0__aoi221_4.ext:
Extracting gf180mcu_fd_sc_mcu7t5v0__oai221_1 into gf180mcu_fd_sc_mcu7t5v0__oai221_1.ext:
Extracting gf180mcu_fd_sc_mcu7t5v0__oai22_2 into gf180mcu_fd_sc_mcu7t5v0__oai22_2.ext:
Extracting gf180mcu_fd_sc_mcu7t5v0__nor3_4 into gf180mcu_fd_sc_mcu7t5v0__nor3_4.ext:
Extracting gf180mcu_fd_sc_mcu7t5v0__clkbuf_16 into gf180mcu_fd_sc_mcu7t5v0__clkbuf_16.ext:
Extracting gf180mcu_fd_sc_mcu7t5v0__aoi222_4 into gf180mcu_fd_sc_mcu7t5v0__aoi222_4.ext:
Extracting gf180mcu_fd_sc_mcu7t5v0__or2_2 into gf180mcu_fd_sc_mcu7t5v0__or2_2.ext:
Extracting gf180mcu_fd_sc_mcu7t5v0__inv_12 into gf180mcu_fd_sc_mcu7t5v0__inv_12.ext:
Extracting gf180mcu_fd_sc_mcu7t5v0__xor2_2 into gf180mcu_fd_sc_mcu7t5v0__xor2_2.ext:
Extracting gf180mcu_fd_sc_mcu7t5v0__nor4_4 into gf180mcu_fd_sc_mcu7t5v0__nor4_4.ext:
Extracting gf180mcu_fd_sc_mcu7t5v0__aoi21_2 into gf180mcu_fd_sc_mcu7t5v0__aoi21_2.ext:
Extracting gf180mcu_fd_sc_mcu7t5v0__or4_2 into gf180mcu_fd_sc_mcu7t5v0__or4_2.ext:
Extracting gf180mcu_fd_sc_mcu7t5v0__xnor2_2 into gf180mcu_fd_sc_mcu7t5v0__xnor2_2.ext:
Extracting gf180mcu_fd_sc_mcu7t5v0__inv_20 into gf180mcu_fd_sc_mcu7t5v0__inv_20.ext:
Extracting gf180mcu_fd_sc_mcu7t5v0__aoi21_4 into gf180mcu_fd_sc_mcu7t5v0__aoi21_4.ext:
Extracting gf180mcu_fd_sc_mcu7t5v0__mux2_4 into gf180mcu_fd_sc_mcu7t5v0__mux2_4.ext:
Extracting gf180mcu_fd_sc_mcu7t5v0__oai211_2 into gf180mcu_fd_sc_mcu7t5v0__oai211_2.ext:
Extracting gf180mcu_fd_sc_mcu7t5v0__buf_12 into gf180mcu_fd_sc_mcu7t5v0__buf_12.ext:
Extracting gf180mcu_fd_sc_mcu7t5v0__buf_16 into gf180mcu_fd_sc_mcu7t5v0__buf_16.ext:
Extracting gf180mcu_fd_sc_mcu7t5v0__oai211_4 into gf180mcu_fd_sc_mcu7t5v0__oai211_4.ext:
Extracting gf180mcu_fd_sc_mcu7t5v0__aoi222_2 into gf180mcu_fd_sc_mcu7t5v0__aoi222_2.ext:
Extracting gf180mcu_fd_sc_mcu7t5v0__clkbuf_20 into gf180mcu_fd_sc_mcu7t5v0__clkbuf_20.ext:
Extracting gf180mcu_fd_sc_mcu7t5v0__clkinv_4 into gf180mcu_fd_sc_mcu7t5v0__clkinv_4.ext:
Extracting gf180mcu_fd_sc_mcu7t5v0__aoi211_4 into gf180mcu_fd_sc_mcu7t5v0__aoi211_4.ext:
Extracting gf180mcu_fd_sc_mcu7t5v0__and2_2 into gf180mcu_fd_sc_mcu7t5v0__and2_2.ext:
Extracting gf180mcu_fd_sc_mcu7t5v0__aoi222_1 into gf180mcu_fd_sc_mcu7t5v0__aoi222_1.ext:
Extracting gf180mcu_fd_sc_mcu7t5v0__mux4_4 into gf180mcu_fd_sc_mcu7t5v0__mux4_4.ext:
Extracting gf180mcu_fd_sc_mcu7t5v0__or2_4 into gf180mcu_fd_sc_mcu7t5v0__or2_4.ext:
Extracting gf180mcu_fd_sc_mcu7t5v0__aoi22_4 into gf180mcu_fd_sc_mcu7t5v0__aoi22_4.ext:
Extracting gf180mcu_fd_sc_mcu7t5v0__nor4_2 into gf180mcu_fd_sc_mcu7t5v0__nor4_2.ext:
Extracting gf180mcu_fd_sc_mcu7t5v0__buf_20 into gf180mcu_fd_sc_mcu7t5v0__buf_20.ext:
Extracting gf180mcu_fd_sc_mcu7t5v0__oai221_2 into gf180mcu_fd_sc_mcu7t5v0__oai221_2.ext:
Extracting gf180mcu_fd_sc_mcu7t5v0__xor3_2 into gf180mcu_fd_sc_mcu7t5v0__xor3_2.ext:
Extracting gf180mcu_fd_sc_mcu7t5v0__xnor3_2 into gf180mcu_fd_sc_mcu7t5v0__xnor3_2.ext:
Extracting gf180mcu_fd_sc_mcu7t5v0__clkinv_8 into gf180mcu_fd_sc_mcu7t5v0__clkinv_8.ext:
Extracting gf180mcu_fd_sc_mcu7t5v0__clkbuf_2 into gf180mcu_fd_sc_mcu7t5v0__clkbuf_2.ext:
Extracting gf180mcu_fd_sc_mcu7t5v0__clkbuf_12 into gf180mcu_fd_sc_mcu7t5v0__clkbuf_12.ext:
Extracting gf180mcu_fd_sc_mcu7t5v0__inv_4 into gf180mcu_fd_sc_mcu7t5v0__inv_4.ext:
Extracting gf180mcu_fd_sc_mcu7t5v0__fill_64 into gf180mcu_fd_sc_mcu7t5v0__fill_64.ext:
Extracting NanoCGRA_Lite into NanoCGRA_Lite.ext:
freeMagic called with NULL argument.
NanoCGRA_Lite: 2 warnings
Total of 2 warnings.
exttospice finished.
MAGIC_EXTRACT_DONE
