PASS  STATE_IDLE_before_start  expected=0  actual=0
PASS  busy_idle  expected=0  actual=0
PASS  STATE_RD_A  expected=1  actual=1
PASS  STATE_RD_B  expected=2  actual=2
PASS  STATE_LOAD  expected=3  actual=3
PASS  busy_during_run  expected=1  actual=1
PASS  cgra_load_cfg_in_LOAD  expected=1  actual=1
PASS  cgra_load_data_in_LOAD  expected=1  actual=1
PASS  STATE_EXEC  expected=4  actual=4
PASS  cgra_en_in_EXEC  expected=1  actual=1
PASS  STATE_STORE  expected=5  actual=5
PASS  m_sram_we_in_STORE  expected=1  actual=1
PASS  res_addr_driven  expected=16  actual=16
PASS  STATE_DONE  expected=6  actual=6
PASS  done_flag  expected=1  actual=1
PASS  STATE_IDLE_after  expected=0  actual=0
PASS  SRAM_read_operand_A  expected=5  actual=5
PASS  SRAM_read_operand_B  expected=3  actual=3
PASS  SRAM_write_result  expected=8  actual=8
Result: PASSED
